<?xml version="1.0" encoding="UTF-8"?>
<!-- Generated by org.testng.reporters.JUnitReportReporter -->
<testsuite hostname="Swapnil" failures="0" tests="1" name="com.demo.FirstJenkinsTest" time="3.513" errors="0" timestamp="2023-04-27T22:57:19 IST" skipped="0">
  <testcase classname="com.demo.FirstJenkinsTest" name="firstTest" time="3.513"/>
  <system-out/>
</testsuite> <!-- com.demo.FirstJenkinsTest -->
